 * Serving Flask app 'app'
 * Debug mode: on
[31m[1mWARNING: This is a development server. Do not use it in a production deployment. Use a production WSGI server instead.[0m
 * Running on http://127.0.0.1:5001
[33mPress CTRL+C to quit[0m
 * Restarting with stat
 * Debugger is active!
 * Debugger PIN: 492-626-608
127.0.0.1 - - [09/Nov/2025 13:31:06] "[35m[1mPOST /api/process/pdf-to-word HTTP/1.1[0m" 500 -
127.0.0.1 - - [09/Nov/2025 13:31:21] "POST /api/process/pdf-to-word HTTP/1.1" 200 -
 * Detected change in '/Users/anuragverma/Downloads/Toolify-main/backend/app.py', reloading
 * Restarting with stat
 * Debugger is active!
 * Debugger PIN: 492-626-608
127.0.0.1 - - [09/Nov/2025 13:32:58] "POST /api/process/pdf-to-word HTTP/1.1" 200 -
 * Detected change in '/Users/anuragverma/Downloads/Toolify-main/backend/app.py', reloading
 * Restarting with stat
 * Debugger is active!
 * Debugger PIN: 492-626-608
/Library/Frameworks/Python.framework/Versions/3.14/lib/python3.14/multiprocessing/resource_tracker.py:297: UserWarning: resource_tracker: There appear to be 1 leaked semaphore objects to clean up at shutdown: {'/mp-hpes2zu1'}
  warnings.warn(
